{"/home/xeniabarreto/on21-imersao-js-S1-TDD/exercicios/para-sala/jest-mocks/filter.js": {"path":"/home/xeniabarreto/on21-imersao-js-S1-TDD/exercicios/para-sala/jest-mocks/filter.js","all":false,"statementMap":{"0":{"start":{"line":1,"column":0},"end":{"line":1,"column":47}},"1":{"start":{"line":2,"column":0},"end":{"line":2,"column":71}},"2":{"start":{"line":3,"column":0},"end":{"line":3,"column":5}},"3":{"start":{"line":4,"column":0},"end":{"line":4,"column":4}},"4":{"start":{"line":5,"column":0},"end":{"line":5,"column":36}}},"s":{"0":1,"1":1,"2":1,"3":1,"4":1},"branchMap":{"0":{"type":"branch","line":1,"loc":{"start":{"line":1,"column":24},"end":{"line":3,"column":5}},"locations":[{"start":{"line":1,"column":24},"end":{"line":3,"column":5}}]},"1":{"type":"branch","line":2,"loc":{"start":{"line":2,"column":29},"end":{"line":2,"column":49}},"locations":[{"start":{"line":2,"column":29},"end":{"line":2,"column":49}}]}},"b":{"0":[1],"1":[3]},"fnMap":{"0":{"name":"filterCharacter","decl":{"start":{"line":1,"column":24},"end":{"line":3,"column":5}},"loc":{"start":{"line":1,"column":24},"end":{"line":3,"column":5}},"line":1}},"f":{"0":1}}
}
