TN:
SF:exercicios/para-casa/index.js
FN:3,(anonymous_0)
FN:11,(anonymous_1)
FN:27,(anonymous_2)
FN:44,(anonymous_3)
FNF:4
FNH:4
FNDA:1,(anonymous_0)
FNDA:1,(anonymous_1)
FNDA:1,(anonymous_2)
FNDA:1,(anonymous_3)
DA:3,1
DA:4,1
DA:5,1
DA:7,0
DA:11,1
DA:13,1
DA:20,1
DA:21,1
DA:23,0
DA:27,1
DA:28,1
DA:35,1
DA:36,1
DA:37,1
DA:39,0
DA:40,0
DA:44,1
DA:45,1
DA:52,1
DA:54,1
DA:55,0
DA:56,0
DA:57,1
DA:58,0
DA:59,0
DA:60,1
DA:61,1
DA:62,1
DA:66,1
LF:29
LH:21
BRDA:4,0,0,1
BRDA:4,0,1,0
BRDA:20,1,0,1
BRDA:20,1,1,0
BRDA:35,2,0,1
BRDA:35,2,1,0
BRDA:54,3,0,0
BRDA:54,3,1,1
BRDA:57,4,0,0
BRDA:57,4,1,1
BRDA:57,5,0,1
BRDA:57,5,1,1
BRDA:60,6,0,1
BRDA:60,6,1,0
BRDA:60,7,0,1
BRDA:60,7,1,1
BRF:16
BRH:10
end_of_record
TN:
SF:exercicios/para-sala/calculadora.js
FN:7,(anonymous_0)
FN:11,(anonymous_1)
FN:15,(anonymous_2)
FN:19,(anonymous_3)
FNF:4
FNH:4
FNDA:1,(anonymous_0)
FNDA:1,(anonymous_1)
FNDA:1,(anonymous_2)
FNDA:1,(anonymous_3)
DA:8,1
DA:12,1
DA:16,1
DA:20,1
DA:24,1
LF:5
LH:5
BRF:0
BRH:0
end_of_record
TN:
SF:exercicios/para-sala/index.js
FN:1,convertCelsiusToFahrenheit
FN:7,checkEvenNumber
FN:23,sum
FN:31,revert
FNF:4
FNH:4
FNDA:1,convertCelsiusToFahrenheit
FNDA:1,checkEvenNumber
FNDA:2,sum
FNDA:2,revert
DA:2,1
DA:4,1
DA:8,1
DA:10,1
DA:11,0
DA:13,1
DA:14,1
DA:16,0
DA:20,1
DA:24,2
DA:25,1
DA:28,1
DA:32,2
DA:37,1
LF:14
LH:12
BRDA:10,0,0,0
BRDA:10,0,1,1
BRDA:13,1,0,1
BRDA:13,1,1,0
BRDA:24,2,0,1
BRDA:24,2,1,1
BRF:6
BRH:4
end_of_record
