TN:
SF:exercicios/para-casa/dataBase.Mock.js
FNF:0
FNH:0
DA:1,1
DA:18,1
LF:2
LH:2
BRF:0
BRH:0
end_of_record
TN:
SF:exercicios/para-casa/index.js
FN:4,(anonymous_0)
FN:5,(anonymous_1)
FN:9,(anonymous_2)
FN:10,(anonymous_3)
FN:20,(anonymous_4)
FN:37,(anonymous_5)
FNF:6
FNH:6
FNDA:1,(anonymous_0)
FNDA:2,(anonymous_1)
FNDA:2,(anonymous_2)
FNDA:3,(anonymous_3)
FNDA:1,(anonymous_4)
FNDA:1,(anonymous_5)
DA:2,1
DA:4,1
DA:5,2
DA:6,1
DA:9,1
DA:10,3
DA:12,2
DA:13,1
DA:14,1
DA:15,1
DA:20,1
DA:21,1
DA:28,1
DA:29,1
DA:30,1
DA:32,0
DA:33,0
DA:37,1
DA:38,1
DA:45,1
DA:47,1
DA:48,0
DA:49,0
DA:50,1
DA:51,0
DA:52,0
DA:53,1
DA:54,1
DA:55,1
DA:59,1
LF:30
LH:24
BRDA:12,0,0,1
BRDA:12,0,1,1
BRDA:14,1,0,1
BRDA:14,1,1,0
BRDA:28,2,0,1
BRDA:28,2,1,0
BRDA:47,3,0,0
BRDA:47,3,1,1
BRDA:50,4,0,0
BRDA:50,4,1,1
BRDA:50,5,0,1
BRDA:50,5,1,1
BRDA:53,6,0,1
BRDA:53,6,1,0
BRDA:53,7,0,1
BRDA:53,7,1,1
BRF:16
BRH:11
end_of_record
TN:
SF:exercicios/para-sala/calculadora.js
FN:7,(anonymous_0)
FN:11,(anonymous_1)
FN:15,(anonymous_2)
FN:19,(anonymous_3)
FNF:4
FNH:4
FNDA:1,(anonymous_0)
FNDA:1,(anonymous_1)
FNDA:1,(anonymous_2)
FNDA:1,(anonymous_3)
DA:8,1
DA:12,1
DA:16,1
DA:20,1
DA:24,1
LF:5
LH:5
BRF:0
BRH:0
end_of_record
TN:
SF:exercicios/para-sala/index.js
FN:1,convertCelsiusToFahrenheit
FN:7,checkEvenNumber
FN:23,sum
FN:31,revert
FNF:4
FNH:4
FNDA:1,convertCelsiusToFahrenheit
FNDA:1,checkEvenNumber
FNDA:2,sum
FNDA:2,revert
DA:2,1
DA:4,1
DA:8,1
DA:10,1
DA:11,0
DA:13,1
DA:14,1
DA:16,0
DA:20,1
DA:24,2
DA:25,1
DA:28,1
DA:32,2
DA:37,1
LF:14
LH:12
BRDA:10,0,0,0
BRDA:10,0,1,1
BRDA:13,1,0,1
BRDA:13,1,1,0
BRDA:24,2,0,1
BRDA:24,2,1,1
BRF:6
BRH:4
end_of_record
